0 info it worked if it ends with ok
1 verbose cli [ '/usr/bin/nodejs', '/usr/bin/npm', 'install', 'babel' ]
2 info using npm@1.4.21
3 info using node@v0.10.29
4 verbose cache add [ 'babel', null ]
5 verbose cache add name=undefined spec="babel" args=["babel",null]
6 verbose parsed url { protocol: null,
6 verbose parsed url   slashes: null,
6 verbose parsed url   auth: null,
6 verbose parsed url   host: null,
6 verbose parsed url   port: null,
6 verbose parsed url   hostname: null,
6 verbose parsed url   hash: null,
6 verbose parsed url   search: null,
6 verbose parsed url   query: null,
6 verbose parsed url   pathname: 'babel',
6 verbose parsed url   path: 'babel',
6 verbose parsed url   href: 'babel' }
7 silly lockFile cad160f3-babel babel
8 verbose lock babel /home/patrick/.npm/cad160f3-babel.lock
9 silly lockFile cad160f3-babel babel
10 silly lockFile cad160f3-babel babel
11 verbose addNamed [ 'babel', '' ]
12 verbose addNamed [ null, '*' ]
13 silly lockFile 8d1f9cea-babel babel@
14 verbose lock babel@ /home/patrick/.npm/8d1f9cea-babel.lock
15 silly addNameRange { name: 'babel', range: '*', hasData: false }
16 verbose request where is /babel
17 verbose request registry https://registry.npmjs.org/
18 verbose request id 931460893e4cadcb
19 verbose url raw /babel
20 verbose url resolving [ 'https://registry.npmjs.org/', './babel' ]
21 verbose url resolved https://registry.npmjs.org/babel
22 verbose request where is https://registry.npmjs.org/babel
23 info trying registry request attempt 1 at 13:35:51
24 http GET https://registry.npmjs.org/babel
25 http 200 https://registry.npmjs.org/babel
26 silly registry.get cb [ 200,
26 silly registry.get   { date: 'Sat, 09 May 2020 17:35:51 GMT',
26 silly registry.get     'content-type': 'application/json',
26 silly registry.get     'transfer-encoding': 'chunked',
26 silly registry.get     connection: 'keep-alive',
26 silly registry.get     'set-cookie': [ '__cfduid=d1d0e17a3f33d8720439416c68a1089231589045751; expires=Mon, 08-Jun-20 17:35:51 GMT; path=/; domain=.npmjs.org; HttpOnly; SameSite=Lax' ],
26 silly registry.get     'cf-ray': '590d2deaaa1aed0b-SJC',
26 silly registry.get     age: '5046',
26 silly registry.get     'cache-control': 'public, max-age=300',
26 silly registry.get     etag: 'W/"307fc9a3e371ad707be6728a811c4bed"',
26 silly registry.get     'last-modified': 'Thu, 21 Feb 2019 07:55:13 GMT',
26 silly registry.get     vary: 'accept-encoding, accept',
26 silly registry.get     'cf-cache-status': 'HIT',
26 silly registry.get     'expect-ct': 'max-age=604800, report-uri="https://report-uri.cloudflare.com/cdn-cgi/beacon/expect-ct"',
26 silly registry.get     server: 'cloudflare',
26 silly registry.get     'content-encoding': 'gzip',
26 silly registry.get     'cf-request-id': '029c1b06a40000ed0b2c25d200000001' } ]
27 silly addNameRange number 2 { name: 'babel', range: '*', hasData: true }
28 silly addNameRange versions [ 'babel',
28 silly addNameRange   [ '0.0.1',
28 silly addNameRange     '4.0.1',
28 silly addNameRange     '4.0.2',
28 silly addNameRange     '4.1.1',
28 silly addNameRange     '4.2.0',
28 silly addNameRange     '4.2.1',
28 silly addNameRange     '4.3.0',
28 silly addNameRange     '4.4.1',
28 silly addNameRange     '4.4.2',
28 silly addNameRange     '4.4.3',
28 silly addNameRange     '4.4.4',
28 silly addNameRange     '4.4.5',
28 silly addNameRange     '4.4.6',
28 silly addNameRange     '4.5.0',
28 silly addNameRange     '4.5.1',
28 silly addNameRange     '4.5.2',
28 silly addNameRange     '4.5.3',
28 silly addNameRange     '4.5.4',
28 silly addNameRange     '4.5.5',
28 silly addNameRange     '4.6.0',
28 silly addNameRange     '4.6.1',
28 silly addNameRange     '4.6.3',
28 silly addNameRange     '4.6.4',
28 silly addNameRange     '4.6.5',
28 silly addNameRange     '4.6.6',
28 silly addNameRange     '4.7.0',
28 silly addNameRange     '4.7.1',
28 silly addNameRange     '4.7.2',
28 silly addNameRange     '4.7.3',
28 silly addNameRange     '4.7.4',
28 silly addNameRange     '4.7.5',
28 silly addNameRange     '4.7.6',
28 silly addNameRange     '4.7.7',
28 silly addNameRange     '4.7.8',
28 silly addNameRange     '4.7.9',
28 silly addNameRange     '4.7.10',
28 silly addNameRange     '4.7.11',
28 silly addNameRange     '4.7.12',
28 silly addNameRange     '4.7.13',
28 silly addNameRange     '4.7.14',
28 silly addNameRange     '4.7.15',
28 silly addNameRange     '4.7.16',
28 silly addNameRange     '5.0.0-beta2',
28 silly addNameRange     '5.0.0-beta3',
28 silly addNameRange     '5.0.0-beta4',
28 silly addNameRange     '5.0.0',
28 silly addNameRange     '5.0.1',
28 silly addNameRange     '5.0.2',
28 silly addNameRange     '5.0.3',
28 silly addNameRange     '5.0.4',
28 silly addNameRange     '5.0.5',
28 silly addNameRange     '5.0.6',
28 silly addNameRange     '5.0.7',
28 silly addNameRange     '5.0.8',
28 silly addNameRange     '5.0.9',
28 silly addNameRange     '5.0.10',
28 silly addNameRange     '5.0.11',
28 silly addNameRange     '5.0.12',
28 silly addNameRange     '5.0.13',
28 silly addNameRange     '5.1.0',
28 silly addNameRange     '5.1.1',
28 silly addNameRange     '5.1.2',
28 silly addNameRange     '5.1.3',
28 silly addNameRange     '5.1.4',
28 silly addNameRange     '5.1.5',
28 silly addNameRange     '5.1.6',
28 silly addNameRange     '5.1.7',
28 silly addNameRange     '5.1.8',
28 silly addNameRange     '5.1.9',
28 silly addNameRange     '5.1.10',
28 silly addNameRange     '5.1.11',
28 silly addNameRange     '5.1.12',
28 silly addNameRange     '5.1.13',
28 silly addNameRange     '5.2.0',
28 silly addNameRange     '5.2.1',
28 silly addNameRange     '5.2.2',
28 silly addNameRange     '5.2.3',
28 silly addNameRange     '5.2.4',
28 silly addNameRange     '5.2.5',
28 silly addNameRange     '5.2.6',
28 silly addNameRange     '5.2.7',
28 silly addNameRange     '5.2.9',
28 silly addNameRange     '5.2.10',
28 silly addNameRange     '5.2.11',
28 silly addNameRange     '5.2.12',
28 silly addNameRange     '5.2.13',
28 silly addNameRange     '5.2.14',
28 silly addNameRange     '5.2.15',
28 silly addNameRange     '5.2.16',
28 silly addNameRange     '5.2.17',
28 silly addNameRange     '5.3.0',
28 silly addNameRange     '5.3.1',
28 silly addNameRange     '5.3.2',
28 silly addNameRange     '5.3.3',
28 silly addNameRange     '5.4.0',
28 silly addNameRange     '5.4.1',
28 silly addNameRange     '5.4.2',
28 silly addNameRange     '5.4.3',
28 silly addNameRange     '5.4.4',
28 silly addNameRange     '5.4.5',
28 silly addNameRange     '5.4.6',
28 silly addNameRange     '5.4.7',
28 silly addNameRange     '5.5.0',
28 silly addNameRange     '5.5.1',
28 silly addNameRange     '5.5.2',
28 silly addNameRange     '5.5.3',
28 silly addNameRange     '5.5.4',
28 silly addNameRange     '5.5.5',
28 silly addNameRange     '5.5.6',
28 silly addNameRange     '5.5.7',
28 silly addNameRange     '5.5.8',
28 silly addNameRange     '5.6.1',
28 silly addNameRange     '5.6.2',
28 silly addNameRange     '5.6.3',
28 silly addNameRange     '5.6.4',
28 silly addNameRange     '5.6.5',
28 silly addNameRange     '5.6.6',
28 silly addNameRange     '5.6.7',
28 silly addNameRange     '5.6.10',
28 silly addNameRange     '5.6.11',
28 silly addNameRange     '5.6.12',
28 silly addNameRange     '5.6.14',
28 silly addNameRange     '5.6.23',
28 silly addNameRange     '5.8.2',
28 silly addNameRange     '5.8.3',
28 silly addNameRange     '5.8.5',
28 silly addNameRange     '5.8.6',
28 silly addNameRange     '5.8.8',
28 silly addNameRange     '5.8.9',
28 silly addNameRange     '5.8.12',
28 silly addNameRange     '5.8.19',
28 silly addNameRange     '5.8.20',
28 silly addNameRange     '5.8.21',
28 silly addNameRange     '5.8.23',
28 silly addNameRange     '5.8.29',
28 silly addNameRange     '6.0.0',
28 silly addNameRange     '6.0.2',
28 silly addNameRange     '6.0.12',
28 silly addNameRange     '6.0.14',
28 silly addNameRange     '6.0.15',
28 silly addNameRange     '5.8.34',
28 silly addNameRange     '6.1.5',
28 silly addNameRange     '6.1.6',
28 silly addNameRange     '6.1.7',
28 silly addNameRange     '6.1.8',
28 silly addNameRange     '6.1.9',
28 silly addNameRange     '6.1.10',
28 silly addNameRange     '6.1.11',
28 silly addNameRange     '6.1.12',
28 silly addNameRange     '6.1.13',
28 silly addNameRange     '6.1.14',
28 silly addNameRange     '6.1.15',
28 silly addNameRange     '6.1.16',
28 silly addNameRange     '6.1.17',
28 silly addNameRange     '6.1.18',
28 silly addNameRange     '6.2.4',
28 silly addNameRange     '6.3.13',
28 silly addNameRange     '6.3.26',
28 silly addNameRange     '5.8.35',
28 silly addNameRange     '6.5.0',
28 silly addNameRange     '6.5.0-1',
28 silly addNameRange     '6.5.1',
28 silly addNameRange     '6.5.2',
28 silly addNameRange     '5.8.38',
28 silly addNameRange     '6.23.0' ] ]
29 verbose addNamed [ 'babel', '6.23.0' ]
30 verbose addNamed [ '6.23.0', '6.23.0' ]
31 silly lockFile 2542423e-babel-6-23-0 babel@6.23.0
32 verbose lock babel@6.23.0 /home/patrick/.npm/2542423e-babel-6-23-0.lock
33 warn deprecated babel@6.23.0: In 6.x, the babel package has been deprecated in favor of babel-cli. Check https://opencollective.com/babel to support the Babel maintainers
34 silly lockFile 51219741-npmjs-org-babel-babel-6-23-0-tgz https://registry.npmjs.org/babel/-/babel-6.23.0.tgz
35 verbose lock https://registry.npmjs.org/babel/-/babel-6.23.0.tgz /home/patrick/.npm/51219741-npmjs-org-babel-babel-6-23-0-tgz.lock
36 verbose addRemoteTarball [ 'https://registry.npmjs.org/babel/-/babel-6.23.0.tgz',
36 verbose addRemoteTarball   'd0d1e7d803e974765beea3232d4e153c0efb90f4' ]
37 info retry fetch attempt 1 at 13:35:51
38 verbose fetch to= /tmp/npm-24033-3V95v8Vr/registry.npmjs.org/babel/-/babel-6.23.0.tgz
39 http GET https://registry.npmjs.org/babel/-/babel-6.23.0.tgz
40 http 200 https://registry.npmjs.org/babel/-/babel-6.23.0.tgz
41 silly lockFile 51219741-npmjs-org-babel-babel-6-23-0-tgz https://registry.npmjs.org/babel/-/babel-6.23.0.tgz
42 silly lockFile 51219741-npmjs-org-babel-babel-6-23-0-tgz https://registry.npmjs.org/babel/-/babel-6.23.0.tgz
43 silly lockFile 2542423e-babel-6-23-0 babel@6.23.0
44 silly lockFile 2542423e-babel-6-23-0 babel@6.23.0
45 silly lockFile 8d1f9cea-babel babel@
46 silly lockFile 8d1f9cea-babel babel@
47 silly resolved [ { name: 'babel',
47 silly resolved     version: '6.23.0',
47 silly resolved     description: 'Turn ES6 code into readable vanilla ES5 with source maps',
47 silly resolved     author: { name: 'Sebastian McKenzie', email: 'sebmck@gmail.com' },
47 silly resolved     homepage: 'https://babeljs.io/',
47 silly resolved     license: 'MIT',
47 silly resolved     repository:
47 silly resolved      { type: 'git',
47 silly resolved        url: 'https://github.com/babel/babel/tree/master/packages/babel' },
47 silly resolved     bin:
47 silly resolved      { babel: './lib/cli.js',
47 silly resolved        'babel-node': './lib/cli.js',
47 silly resolved        'babel-external-helpers': './lib/cli.js' },
47 silly resolved     _id: 'babel@6.23.0',
47 silly resolved     scripts: {},
47 silly resolved     _shasum: 'd0d1e7d803e974765beea3232d4e153c0efb90f4',
47 silly resolved     _from: 'babel@',
47 silly resolved     _npmVersion: '3.10.8',
47 silly resolved     _nodeVersion: '6.9.1',
47 silly resolved     _npmUser: { name: 'loganfsmyth', email: 'loganfsmyth@gmail.com' },
47 silly resolved     dist:
47 silly resolved      { shasum: 'd0d1e7d803e974765beea3232d4e153c0efb90f4',
47 silly resolved        tarball: 'https://registry.npmjs.org/babel/-/babel-6.23.0.tgz' },
47 silly resolved     maintainers: [ [Object], [Object], [Object], [Object], [Object], [Object] ],
47 silly resolved     _npmOperationalInternal:
47 silly resolved      { host: 'packages-18-east.internal.npmjs.com',
47 silly resolved        tmp: 'tmp/babel-6.23.0.tgz_1487027070006_0.409561536507681' },
47 silly resolved     directories: {},
47 silly resolved     deprecated: 'In 6.x, the babel package has been deprecated in favor of babel-cli. Check https://opencollective.com/babel to support the Babel maintainers',
47 silly resolved     _resolved: 'https://registry.npmjs.org/babel/-/babel-6.23.0.tgz' } ]
48 info install babel@6.23.0 into /home/patrick/bga/magicmaze/modules
49 info installOne babel@6.23.0
50 verbose node_modules/babel unbuild
51 error TypeError: Object function glob(pattern, options, cb) {
51 error   if (typeof options === "function") cb = options, options = {}
51 error   if (!options) options = {}
51 error
51 error   if (typeof options === "number") {
51 error     deprecated()
51 error     return
51 error   }
51 error
51 error   var g = new Glob(pattern, options, cb)
51 error   return g.sync ? g.found : g
51 error } has no method 'hasMagic'
51 error     at rimraf (/usr/lib/nodejs/rimraf/rimraf.js:61:36)
51 error     at gentlyRm (/usr/share/npm/lib/utils/gently-rm.js:29:12)
51 error     at /usr/share/npm/lib/unbuild.js:31:20
51 error     at /usr/lib/nodejs/read-package-json/read-json.js:51:40
51 error     at /usr/lib/nodejs/read-package-json/read-json.js:97:49
51 error     at /usr/lib/nodejs/graceful-fs/graceful-fs.js:78:16
51 error     at fs.js:207:20
51 error     at Object.oncomplete (fs.js:107:15)
52 error If you need help, you may report this *entire* log,
52 error including the npm and node versions, at:
52 error     <http://github.com/npm/npm/issues>
53 error System Linux 4.8.0-1-amd64
54 error command "/usr/bin/nodejs" "/usr/bin/npm" "install" "babel"
55 error cwd /home/patrick/bga/magicmaze/modules
56 error node -v v0.10.29
57 error npm -v 1.4.21
58 error type undefined_method
59 verbose exit [ 1, true ]
